#
# There is insufficient memory for the Java Runtime Environment to continue.
# Native memory allocation (malloc) failed to allocate 1435856 bytes. Error detail: Chunk::new
# Possible reasons:
#   The system is out of physical RAM or swap space
#   This process is running with CompressedOops enabled, and the Java Heap may be blocking the growth of the native heap
# Possible solutions:
#   Reduce memory load on the system
#   Increase physical memory or swap space
#   Check if swap backing store is full
#   Decrease Java heap size (-Xmx/-Xms)
#   Decrease number of Java threads
#   Decrease Java thread stack sizes (-Xss)
#   Set larger code cache with -XX:ReservedCodeCacheSize=
#   JVM is running with Unscaled Compressed Oops mode in which the Java heap is
#     placed in the first 4GB address space. The Java Heap base address is the
#     maximum limit for the native heap growth. Please use -XX:HeapBaseMinAddress
#     to set the Java Heap base and to place the Java Heap above 4GB virtual address.
# This output file may be truncated or incomplete.
#
#  Out of Memory Error (arena.cpp:168), pid=14216, tid=21128
#
# JRE version: OpenJDK Runtime Environment Temurin-21.0.7+6 (21.0.7+6) (build 21.0.7+6-LTS)
# Java VM: OpenJDK 64-Bit Server VM Temurin-21.0.7+6 (21.0.7+6-LTS, mixed mode, sharing, tiered, compressed oops, compressed class ptrs, parallel gc, windows-amd64)
# No core dump will be written. Minidumps are not enabled by default on client versions of Windows
#

---------------  S U M M A R Y ------------

Command Line: --add-modules=ALL-SYSTEM --add-opens=java.base/java.util=ALL-UNNAMED --add-opens=java.base/java.lang=ALL-UNNAMED --add-opens=java.base/sun.nio.fs=ALL-UNNAMED -Declipse.application=org.eclipse.jdt.ls.core.id1 -Dosgi.bundles.defaultStartLevel=4 -Declipse.product=org.eclipse.jdt.ls.core.product -Djava.import.generatesMetadataFilesAtProjectRoot=false -DDetectVMInstallationsJob.disabled=true -Dfile.encoding=utf8 -XX:+UseParallelGC -XX:GCTimeRatio=4 -XX:AdaptiveSizePolicyWeight=90 -Dsun.zip.disableMemoryMapping=true -Xmx2G -Xms100m -Xlog:disable -javaagent:c:\Users\roseb\.trae\extensions\redhat.java-1.43.1-win32-x64\lombok\lombok-1.18.39-4050.jar -XX:+HeapDumpOnOutOfMemoryError -XX:HeapDumpPath=c:\Users\roseb\AppData\Roaming\Trae\User\workspaceStorage\9ae8b0474cb054d64cf9ebdca870abe8\redhat.java -Daether.dependencyCollector.impl=bf c:\Users\roseb\.trae\extensions\redhat.java-1.43.1-win32-x64\server\plugins\org.eclipse.equinox.launcher_1.7.0.v20250519-0528.jar -configuration c:\Users\roseb\AppData\Roaming\Trae\User\globalStorage\redhat.java\1.43.1\config_win -data c:\Users\roseb\AppData\Roaming\Trae\User\workspaceStorage\9ae8b0474cb054d64cf9ebdca870abe8\redhat.java\jdt_ws --pipe=\\.\pipe\lsp-d4811960702909c3b317e3e0b4b0fc4f-sock

Host: AMD Ryzen 5 5500U with Radeon Graphics         , 12 cores, 7G,  Windows 11 , 64 bit Build 22621 (10.0.22621.5262)
Time: Fri Jul 11 21:37:23 2025 Malay Peninsula Standard Time elapsed time: 150.151140 seconds (0d 0h 2m 30s)

---------------  T H R E A D  ---------------

Current thread (0x000001f47eba1f00):  JavaThread "C2 CompilerThread0" daemon [_thread_in_native, id=21128, stack(0x000000a7a8200000,0x000000a7a8300000) (1024K)]


Current CompileTask:
C2:150151 10690   !   4       org.eclipse.core.internal.localstore.UnifiedTree::addChildren (479 bytes)

Stack: [0x000000a7a8200000,0x000000a7a8300000]
Native frames: (J=compiled Java code, j=interpreted, Vv=VM code, C=native code)
V  [jvm.dll+0x6ce119]
V  [jvm.dll+0x8a84a1]
V  [jvm.dll+0x8aa9ce]
V  [jvm.dll+0x8ab0b3]
V  [jvm.dll+0x27f8a6]
V  [jvm.dll+0xc507d]
V  [jvm.dll+0xc55b3]
V  [jvm.dll+0x3b68f2]
V  [jvm.dll+0x1e0029]
V  [jvm.dll+0x247c42]
V  [jvm.dll+0x2470cf]
V  [jvm.dll+0x1c760e]
V  [jvm.dll+0x25695a]
V  [jvm.dll+0x254efa]
V  [jvm.dll+0x3f03f6]
V  [jvm.dll+0x851f6b]
V  [jvm.dll+0x6cc7dd]
C  [ucrtbase.dll+0x29333]
C  [KERNEL32.DLL+0x1259d]
C  [ntdll.dll+0x5af58]


---------------  P R O C E S S  ---------------

Threads class SMR info:
_java_thread_list=0x000001f448634a80, length=50, elements={
0x000001f4661fd1f0, 0x000001f47cc9b600, 0x000001f47eb902e0, 0x000001f47eb96200,
0x000001f47eb97110, 0x000001f47eb9be00, 0x000001f47eb9fcd0, 0x000001f47eba1f00,
0x000001f47ec11130, 0x000001f47ec9d3d0, 0x000001f47ec9f4a0, 0x000001f47ec9e0f0,
0x000001f47ecfb2b0, 0x000001f47ed00170, 0x000001f47ed00800, 0x000001f47ecfe0a0,
0x000001f47ecf9870, 0x000001f47ed00e90, 0x000001f47ecff450, 0x000001f47ecfb940,
0x000001f47ecffae0, 0x000001f47ecfc660, 0x000001f47ecfac20, 0x000001f47ecfd380,
0x000001f47ecfda10, 0x000001f47ecfe730, 0x000001f47ecfedc0, 0x000001f47ec9da60,
0x000001f47eca01c0, 0x000001f47ec9fb30, 0x000001f47ec9e780, 0x000001f47ec9ee10,
0x000001f47ec9cd40, 0x000001f447228560, 0x000001f44722a630, 0x000001f44722c070,
0x000001f44722c700, 0x000001f447228bf0, 0x000001f447227ed0, 0x000001f47ecf9f00,
0x000001f446f37670, 0x000001f446f39740, 0x000001f446f37d00, 0x000001f446f355a0,
0x000001f446f39dd0, 0x000001f446f38390, 0x000001f44a70d930, 0x000001f44a70e6d0,
0x000001f446f362c0, 0x000001f446f390b0
}

Java Threads: ( => current thread )
  0x000001f4661fd1f0 JavaThread "main"                              [_thread_blocked, id=24084, stack(0x000000a7a7800000,0x000000a7a7900000) (1024K)]
  0x000001f47cc9b600 JavaThread "Reference Handler"          daemon [_thread_blocked, id=340, stack(0x000000a7a7c00000,0x000000a7a7d00000) (1024K)]
  0x000001f47eb902e0 JavaThread "Finalizer"                  daemon [_thread_blocked, id=23824, stack(0x000000a7a7d00000,0x000000a7a7e00000) (1024K)]
  0x000001f47eb96200 JavaThread "Signal Dispatcher"          daemon [_thread_blocked, id=7432, stack(0x000000a7a7e00000,0x000000a7a7f00000) (1024K)]
  0x000001f47eb97110 JavaThread "Attach Listener"            daemon [_thread_blocked, id=3080, stack(0x000000a7a7f00000,0x000000a7a8000000) (1024K)]
  0x000001f47eb9be00 JavaThread "Service Thread"             daemon [_thread_blocked, id=21176, stack(0x000000a7a8000000,0x000000a7a8100000) (1024K)]
  0x000001f47eb9fcd0 JavaThread "Monitor Deflation Thread"   daemon [_thread_blocked, id=15568, stack(0x000000a7a8100000,0x000000a7a8200000) (1024K)]
=>0x000001f47eba1f00 JavaThread "C2 CompilerThread0"         daemon [_thread_in_native, id=21128, stack(0x000000a7a8200000,0x000000a7a8300000) (1024K)]
  0x000001f47ec11130 JavaThread "C1 CompilerThread0"         daemon [_thread_blocked, id=22696, stack(0x000000a7a8300000,0x000000a7a8400000) (1024K)]
  0x000001f47ec9d3d0 JavaThread "Common-Cleaner"             daemon [_thread_blocked, id=15512, stack(0x000000a7a8400000,0x000000a7a8500000) (1024K)]
  0x000001f47ec9f4a0 JavaThread "Notification Thread"        daemon [_thread_blocked, id=6668, stack(0x000000a7a8500000,0x000000a7a8600000) (1024K)]
  0x000001f47ec9e0f0 JavaThread "Active Thread: Equinox Container: 95be13e5-ece3-4c9a-976c-abcc3e660e58"        [_thread_blocked, id=13976, stack(0x000000a7a9200000,0x000000a7a9300000) (1024K)]
  0x000001f47ecfb2b0 JavaThread "Framework Event Dispatcher: Equinox Container: 95be13e5-ece3-4c9a-976c-abcc3e660e58" daemon [_thread_blocked, id=5672, stack(0x000000a7a9300000,0x000000a7a9400000) (1024K)]
  0x000001f47ed00170 JavaThread "Start Level: Equinox Container: 95be13e5-ece3-4c9a-976c-abcc3e660e58" daemon [_thread_blocked, id=19824, stack(0x000000a7a9400000,0x000000a7a9500000) (1024K)]
  0x000001f47ed00800 JavaThread "Refresh Thread: Equinox Container: 95be13e5-ece3-4c9a-976c-abcc3e660e58" daemon [_thread_blocked, id=20960, stack(0x000000a7a9600000,0x000000a7a9700000) (1024K)]
  0x000001f47ecfe0a0 JavaThread "Bundle File Closer"         daemon [_thread_blocked, id=13520, stack(0x000000a7a9f00000,0x000000a7aa000000) (1024K)]
  0x000001f47ecf9870 JavaThread "SCR Component Actor"        daemon [_thread_blocked, id=17376, stack(0x000000a7a8c00000,0x000000a7a8d00000) (1024K)]
  0x000001f47ed00e90 JavaThread "Worker-JM"                         [_thread_blocked, id=25560, stack(0x000000a7a8e00000,0x000000a7a8f00000) (1024K)]
  0x000001f47ecff450 JavaThread "Worker-0: Initialize Workspace"        [_thread_blocked, id=16260, stack(0x000000a7a8f00000,0x000000a7a9000000) (1024K)]
  0x000001f47ecfb940 JavaThread "Worker-1"                          [_thread_blocked, id=3832, stack(0x000000a7a9000000,0x000000a7a9100000) (1024K)]
  0x000001f47ecffae0 JavaThread "Java indexing"              daemon [_thread_blocked, id=24024, stack(0x000000a7a9700000,0x000000a7a9800000) (1024K)]
  0x000001f47ecfc660 JavaThread "Worker-3: Updating workspace"        [_thread_blocked, id=17868, stack(0x000000a7a9900000,0x000000a7a9a00000) (1024K)]
  0x000001f47ecfac20 JavaThread "JNA Cleaner"                daemon [_thread_blocked, id=6260, stack(0x000000a7a7700000,0x000000a7a7800000) (1024K)]
  0x000001f47ecfd380 JavaThread "Thread-2"                   daemon [_thread_in_native, id=21700, stack(0x000000a7aa000000,0x000000a7aa100000) (1024K)]
  0x000001f47ecfda10 JavaThread "Thread-3"                   daemon [_thread_in_native, id=25056, stack(0x000000a7aa100000,0x000000a7aa200000) (1024K)]
  0x000001f47ecfe730 JavaThread "Thread-4"                   daemon [_thread_in_native, id=19888, stack(0x000000a7aa200000,0x000000a7aa300000) (1024K)]
  0x000001f47ecfedc0 JavaThread "Thread-5"                   daemon [_thread_in_native, id=6920, stack(0x000000a7aa300000,0x000000a7aa400000) (1024K)]
  0x000001f47ec9da60 JavaThread "Thread-6"                   daemon [_thread_in_native, id=18524, stack(0x000000a7aa400000,0x000000a7aa500000) (1024K)]
  0x000001f47eca01c0 JavaThread "Thread-7"                   daemon [_thread_in_native, id=2088, stack(0x000000a7aa500000,0x000000a7aa600000) (1024K)]
  0x000001f47ec9fb30 JavaThread "Thread-8"                   daemon [_thread_in_native, id=12452, stack(0x000000a7aa600000,0x000000a7aa700000) (1024K)]
  0x000001f47ec9e780 JavaThread "Thread-9"                   daemon [_thread_in_native, id=19200, stack(0x000000a7aa700000,0x000000a7aa800000) (1024K)]
  0x000001f47ec9ee10 JavaThread "Thread-10"                  daemon [_thread_in_native, id=21960, stack(0x000000a7aa800000,0x000000a7aa900000) (1024K)]
  0x000001f47ec9cd40 JavaThread "Thread-11"                  daemon [_thread_in_native, id=19948, stack(0x000000a7aa900000,0x000000a7aaa00000) (1024K)]
  0x000001f447228560 JavaThread "Thread-12"                  daemon [_thread_in_native, id=23904, stack(0x000000a7aaa00000,0x000000a7aab00000) (1024K)]
  0x000001f44722a630 JavaThread "Thread-13"                  daemon [_thread_in_native, id=7836, stack(0x000000a7aab00000,0x000000a7aac00000) (1024K)]
  0x000001f44722c070 JavaThread "Thread-14"                  daemon [_thread_in_native, id=15412, stack(0x000000a7aac00000,0x000000a7aad00000) (1024K)]
  0x000001f44722c700 JavaThread "pool-2-thread-1"                   [_thread_blocked, id=3296, stack(0x000000a7aad00000,0x000000a7aae00000) (1024K)]
  0x000001f447228bf0 JavaThread "WorkspaceEventsHandler"            [_thread_blocked, id=19500, stack(0x000000a7aae00000,0x000000a7aaf00000) (1024K)]
  0x000001f447227ed0 JavaThread "pool-1-thread-1"                   [_thread_blocked, id=19636, stack(0x000000a7aaf00000,0x000000a7ab000000) (1024K)]
  0x000001f47ecf9f00 JavaThread "Timer-0"                           [_thread_blocked, id=24484, stack(0x000000a7a8d00000,0x000000a7a8e00000) (1024K)]
  0x000001f446f37670 JavaThread "Timer-1"                           [_thread_blocked, id=25580, stack(0x000000a7ab200000,0x000000a7ab300000) (1024K)]
  0x000001f446f39740 JavaThread "Timer-2"                           [_thread_blocked, id=21760, stack(0x000000a7ab300000,0x000000a7ab400000) (1024K)]
  0x000001f446f37d00 JavaThread "Timer-3"                           [_thread_blocked, id=22512, stack(0x000000a7ab400000,0x000000a7ab500000) (1024K)]
  0x000001f446f355a0 JavaThread "Timer-4"                           [_thread_blocked, id=23760, stack(0x000000a7ab500000,0x000000a7ab600000) (1024K)]
  0x000001f446f39dd0 JavaThread "Timer-5"                           [_thread_blocked, id=14076, stack(0x000000a7a7500000,0x000000a7a7600000) (1024K)]
  0x000001f446f38390 JavaThread "Timer-6"                           [_thread_blocked, id=25784, stack(0x000000a7a7600000,0x000000a7a7700000) (1024K)]
  0x000001f44a70d930 JavaThread "C2 CompilerThread1"         daemon [_thread_blocked, id=26228, stack(0x000000a7a9100000,0x000000a7a9200000) (1024K)]
  0x000001f44a70e6d0 JavaThread "C2 CompilerThread2"         daemon [_thread_in_native, id=20664, stack(0x000000a7a9800000,0x000000a7a9900000) (1024K)]
  0x000001f446f362c0 JavaThread "Worker-6: Java indexing... "        [_thread_blocked, id=17540, stack(0x000000a7a9a00000,0x000000a7a9b00000) (1024K)]
  0x000001f446f390b0 JavaThread "Worker-7"                          [_thread_blocked, id=25012, stack(0x000000a7a9b00000,0x000000a7a9c00000) (1024K)]
Total: 50

Other Threads:
  0x000001f47cc84610 VMThread "VM Thread"                           [id=6004, stack(0x000000a7a7b00000,0x000000a7a7c00000) (1024K)]
  0x000001f47cb7ca10 WatcherThread "VM Periodic Task Thread"        [id=20744, stack(0x000000a7a7a00000,0x000000a7a7b00000) (1024K)]
  0x000001f46621b650 WorkerThread "GC Thread#0"                     [id=2672, stack(0x000000a7a7900000,0x000000a7a7a00000) (1024K)]
  0x000001f47ef40ee0 WorkerThread "GC Thread#1"                     [id=20760, stack(0x000000a7a8600000,0x000000a7a8700000) (1024K)]
  0x000001f47f017430 WorkerThread "GC Thread#2"                     [id=22092, stack(0x000000a7a8700000,0x000000a7a8800000) (1024K)]
  0x000001f47f419d80 WorkerThread "GC Thread#3"                     [id=22504, stack(0x000000a7a8800000,0x000000a7a8900000) (1024K)]
  0x000001f47f019c60 WorkerThread "GC Thread#4"                     [id=23520, stack(0x000000a7a8900000,0x000000a7a8a00000) (1024K)]
  0x000001f47f028df0 WorkerThread "GC Thread#5"                     [id=21356, stack(0x000000a7a8a00000,0x000000a7a8b00000) (1024K)]
  0x000001f47f029190 WorkerThread "GC Thread#6"                     [id=22884, stack(0x000000a7a8b00000,0x000000a7a8c00000) (1024K)]
  0x000001f47ec10950 WorkerThread "GC Thread#7"                     [id=12032, stack(0x000000a7a9500000,0x000000a7a9600000) (1024K)]
  0x000001f44506ed60 WorkerThread "GC Thread#8"                     [id=3724, stack(0x000000a7a9d00000,0x000000a7a9e00000) (1024K)]
  0x000001f445070320 WorkerThread "GC Thread#9"                     [id=22288, stack(0x000000a7a9e00000,0x000000a7a9f00000) (1024K)]
Total: 12

Threads with active compile tasks:
C2 CompilerThread0  150211 10690   !   4       org.eclipse.core.internal.localstore.UnifiedTree::addChildren (479 bytes)
C2 CompilerThread1  150211 10688   !   4       org.eclipse.core.internal.localstore.RefreshLocalVisitor::visit (454 bytes)
C2 CompilerThread2  150211 10768 %     4       org.eclipse.jdt.internal.core.search.indexing.BinaryIndexer::extractReferenceFromConstantPool @ 15 (358 bytes)
Total: 3

VM state: at safepoint (normal execution)

VM Mutex/Monitor currently owned by a thread:  ([mutex/lock_event])
[0x00007ffcb01ae308] Threads_lock - owner thread: 0x000001f47cc84610
[0x00007ffcb01ae408] Heap_lock - owner thread: 0x000001f47ecffae0

Heap address: 0x0000000080000000, size: 2048 MB, Compressed Oops mode: 32-bit

CDS archive(s) mapped at: [0x000001f400000000-0x000001f400ba0000-0x000001f400ba0000), size 12189696, SharedBaseAddress: 0x000001f400000000, ArchiveRelocationMode: 1.
Compressed class space mapped at: 0x000001f401000000-0x000001f441000000, reserved size: 1073741824
Narrow klass base: 0x000001f400000000, Narrow klass shift: 0, Narrow klass range: 0x100000000

GC Precious Log:
 CardTable entry size: 512
 CPUs: 12 total, 12 available
 Memory: 7580M
 Large Page Support: Disabled
 NUMA Support: Disabled
 Compressed Oops: Enabled (32-bit)
 Alignments: Space 512K, Generation 512K, Heap 2M
 Heap Min Capacity: 100M
 Heap Initial Capacity: 100M
 Heap Max Capacity: 2G
 Pre-touch: Disabled
 Parallel Workers: 10

Heap:
 PSYoungGen      total 12800K, used 12777K [0x00000000d5580000, 0x00000000d6e00000, 0x0000000100000000)
  eden space 10240K, 100% used [0x00000000d5580000,0x00000000d5f80000,0x00000000d5f80000)
  from space 2560K, 99% used [0x00000000d6580000,0x00000000d67fa598,0x00000000d6800000)
  to   space 6144K, 34% used [0x00000000d5f80000,0x00000000d618f248,0x00000000d6580000)
 ParOldGen       total 72192K, used 72131K [0x0000000080000000, 0x0000000084680000, 0x00000000d5580000)
  object space 72192K, 99% used [0x0000000080000000,0x0000000084670c38,0x0000000084680000)
 Metaspace       used 72613K, committed 74240K, reserved 1179648K
  class space    used 8807K, committed 9536K, reserved 1048576K

Card table byte_map: [0x000001f465bd0000,0x000001f465fe0000] _byte_map_base: 0x000001f4657d0000

Marking Bits: (ParMarkBitMap*) 0x00007ffcb01b31f0
 Begin Bits: [0x000001f4786a0000, 0x000001f47a6a0000)
 End Bits:   [0x000001f47a6a0000, 0x000001f47c6a0000)

Polling page: 0x000001f4659c0000

Metaspace:

Usage:
  Non-class:     62.31 MB used.
      Class:      8.60 MB used.
       Both:     70.91 MB used.

Virtual space:
  Non-class space:      128.00 MB reserved,      63.19 MB ( 49%) committed,  2 nodes.
      Class space:        1.00 GB reserved,       9.31 MB ( <1%) committed,  1 nodes.
             Both:        1.12 GB reserved,      72.50 MB (  6%) committed. 

Chunk freelists:
   Non-Class:  15.89 MB
       Class:  6.71 MB
        Both:  22.60 MB

MaxMetaspaceSize: unlimited
CompressedClassSpaceSize: 1.00 GB
Initial GC threshold: 21.00 MB
Current GC threshold: 97.31 MB
CDS: on
 - commit_granule_bytes: 65536.
 - commit_granule_words: 8192.
 - virtual_space_node_default_size: 8388608.
 - enlarge_chunks_in_place: 1.
 - use_allocation_guard: 0.


Internal statistics:

num_allocs_failed_limit: 9.
num_arena_births: 1430.
num_arena_deaths: 26.
num_vsnodes_births: 3.
num_vsnodes_deaths: 0.
num_space_committed: 1160.
num_space_uncommitted: 0.
num_chunks_returned_to_freelist: 40.
num_chunks_taken_from_freelist: 4584.
num_chunk_merges: 15.
num_chunk_splits: 2873.
num_chunks_enlarged: 1717.
num_inconsistent_stats: 0.

CodeHeap 'non-profiled nmethods': size=120000Kb used=6892Kb max_used=6892Kb free=113107Kb
 bounds [0x000001f470ec0000, 0x000001f471580000, 0x000001f4783f0000]
CodeHeap 'profiled nmethods': size=120000Kb used=20554Kb max_used=20554Kb free=99445Kb
 bounds [0x000001f4693f0000, 0x000001f46a810000, 0x000001f470920000]
CodeHeap 'non-nmethods': size=5760Kb used=1454Kb max_used=1506Kb free=4305Kb
 bounds [0x000001f470920000, 0x000001f470b90000, 0x000001f470ec0000]
 total_blobs=10791 nmethods=10025 adapters=672
 compilation: enabled
              stopped_count=0, restarted_count=0
 full_count=0

Compilation events (20 events):
Event: 149.962 Thread 0x000001f47ec11130 10824       3       org.eclipse.jdt.internal.core.util.Util::isJavaLikeFileName (18 bytes)
Event: 149.962 Thread 0x000001f47ec11130 nmethod 10824 0x000001f46a7ece90 code [0x000001f46a7ed040, 0x000001f46a7ed218]
Event: 149.964 Thread 0x000001f47ec11130 10826       3       org.eclipse.jdt.core.compiler.CharOperation::concat (123 bytes)
Event: 149.965 Thread 0x000001f47ec11130 nmethod 10826 0x000001f46a7ed310 code [0x000001f46a7ed540, 0x000001f46a7edae0]
Event: 150.005 Thread 0x000001f47ec11130 10827       3       org.eclipse.jdt.core.Signature::checkNextChar (42 bytes)
Event: 150.006 Thread 0x000001f47ec11130 nmethod 10827 0x000001f46a7edd10 code [0x000001f46a7edf40, 0x000001f46a7ee610]
Event: 150.014 Thread 0x000001f47ec11130 10828 %     3       org.eclipse.jdt.internal.compiler.parser.Scanner::scanIdentifierOrKeywordWithBoundCheck @ 20 (198 bytes)
Event: 150.015 Thread 0x000001f47ec11130 nmethod 10828% 0x000001f46a7ee910 code [0x000001f46a7eeb40, 0x000001f46a7ef2a8]
Event: 150.045 Thread 0x000001f47ec11130 10831       3       org.eclipse.jdt.internal.compiler.util.Util::scanIdentifier (71 bytes)
Event: 150.049 Thread 0x000001f47ec11130 nmethod 10831 0x000001f46a7ef510 code [0x000001f46a7ef720, 0x000001f46a7efd00]
Event: 150.073 Thread 0x000001f47ec11130 10832       3       org.eclipse.jdt.internal.core.util.Util::indexOfJavaLikeExtension (116 bytes)
Event: 150.074 Thread 0x000001f47ec11130 nmethod 10832 0x000001f46a7eff10 code [0x000001f46a7f01c0, 0x000001f46a7f1008]
Event: 150.074 Thread 0x000001f47ec11130 10833       3       org.eclipse.jdt.internal.core.search.matching.TypeDeclarationPattern::createIndexKey (300 bytes)
Event: 150.075 Thread 0x000001f47ec11130 nmethod 10833 0x000001f46a7f1710 code [0x000001f46a7f1940, 0x000001f46a7f22f0]
Event: 150.075 Thread 0x000001f47ec11130 10834       3       org.eclipse.jdt.internal.compiler.parser.Scanner::internalScanIdentifierOrKeyword (5041 bytes)
Event: 150.100 Thread 0x000001f47ec11130 nmethod 10834 0x000001f46a7f2710 code [0x000001f46a7f3700, 0x000001f46a7fe4b0]
Event: 150.104 Thread 0x000001f47ec11130 10835       2       java.util.ArrayDeque::addLast (51 bytes)
Event: 150.105 Thread 0x000001f47ec11130 nmethod 10835 0x000001f46a800810 code [0x000001f46a8009e0, 0x000001f46a800ca0]
Event: 150.140 Thread 0x000001f47ec11130 10838       3       org.eclipse.jdt.internal.compiler.classfmt.InnerClassInfo::getSourceName (60 bytes)
Event: 150.141 Thread 0x000001f47ec11130 nmethod 10838 0x000001f46a800e10 code [0x000001f46a801000, 0x000001f46a8014c8]

GC Heap History (20 events):
Event: 147.314 GC heap before
{Heap before GC invocations=208 (full 3):
 PSYoungGen      total 16384K, used 16204K [0x00000000d5580000, 0x00000000d6b00000, 0x0000000100000000)
  eden space 12800K, 100% used [0x00000000d5580000,0x00000000d6200000,0x00000000d6200000)
  from space 3584K, 94% used [0x00000000d6780000,0x00000000d6ad3030,0x00000000d6b00000)
  to   space 4096K, 0% used [0x00000000d6300000,0x00000000d6300000,0x00000000d6700000)
 ParOldGen       total 68608K, used 53329K [0x0000000080000000, 0x0000000084300000, 0x00000000d5580000)
  object space 68608K, 77% used [0x0000000080000000,0x0000000083414660,0x0000000084300000)
 Metaspace       used 69751K, committed 71232K, reserved 1114112K
  class space    used 8562K, committed 9216K, reserved 1048576K
}
Event: 147.319 GC heap after
{Heap after GC invocations=208 (full 3):
 PSYoungGen      total 16384K, used 3128K [0x00000000d5580000, 0x00000000d6900000, 0x0000000100000000)
  eden space 12800K, 0% used [0x00000000d5580000,0x00000000d5580000,0x00000000d6200000)
  from space 3584K, 87% used [0x00000000d6300000,0x00000000d660e040,0x00000000d6680000)
  to   space 2560K, 0% used [0x00000000d6680000,0x00000000d6680000,0x00000000d6900000)
 ParOldGen       total 68608K, used 55241K [0x0000000080000000, 0x0000000084300000, 0x00000000d5580000)
  object space 68608K, 80% used [0x0000000080000000,0x00000000835f2660,0x0000000084300000)
 Metaspace       used 69751K, committed 71232K, reserved 1114112K
  class space    used 8562K, committed 9216K, reserved 1048576K
}
Event: 148.380 GC heap before
{Heap before GC invocations=209 (full 3):
 PSYoungGen      total 16384K, used 15927K [0x00000000d5580000, 0x00000000d6900000, 0x0000000100000000)
  eden space 12800K, 99% used [0x00000000d5580000,0x00000000d61ffe50,0x00000000d6200000)
  from space 3584K, 87% used [0x00000000d6300000,0x00000000d660e040,0x00000000d6680000)
  to   space 2560K, 0% used [0x00000000d6680000,0x00000000d6680000,0x00000000d6900000)
 ParOldGen       total 68608K, used 55241K [0x0000000080000000, 0x0000000084300000, 0x00000000d5580000)
  object space 68608K, 80% used [0x0000000080000000,0x00000000835f2660,0x0000000084300000)
 Metaspace       used 70190K, committed 71808K, reserved 1114112K
  class space    used 8608K, committed 9344K, reserved 1048576K
}
Event: 148.383 GC heap after
{Heap after GC invocations=209 (full 3):
 PSYoungGen      total 13824K, used 656K [0x00000000d5580000, 0x00000000d6780000, 0x0000000100000000)
  eden space 12800K, 0% used [0x00000000d5580000,0x00000000d5580000,0x00000000d6200000)
  from space 1024K, 64% used [0x00000000d6680000,0x00000000d6724010,0x00000000d6780000)
  to   space 2048K, 0% used [0x00000000d6380000,0x00000000d6380000,0x00000000d6580000)
 ParOldGen       total 68608K, used 58313K [0x0000000080000000, 0x0000000084300000, 0x00000000d5580000)
  object space 68608K, 84% used [0x0000000080000000,0x00000000838f26a0,0x0000000084300000)
 Metaspace       used 70190K, committed 71808K, reserved 1114112K
  class space    used 8608K, committed 9344K, reserved 1048576K
}
Event: 148.707 GC heap before
{Heap before GC invocations=210 (full 3):
 PSYoungGen      total 13824K, used 13456K [0x00000000d5580000, 0x00000000d6780000, 0x0000000100000000)
  eden space 12800K, 100% used [0x00000000d5580000,0x00000000d6200000,0x00000000d6200000)
  from space 1024K, 64% used [0x00000000d6680000,0x00000000d6724010,0x00000000d6780000)
  to   space 2048K, 0% used [0x00000000d6380000,0x00000000d6380000,0x00000000d6580000)
 ParOldGen       total 68608K, used 58313K [0x0000000080000000, 0x0000000084300000, 0x00000000d5580000)
  object space 68608K, 84% used [0x0000000080000000,0x00000000838f26a0,0x0000000084300000)
 Metaspace       used 70616K, committed 72192K, reserved 1114112K
  class space    used 8654K, committed 9344K, reserved 1048576K
}
Event: 148.709 GC heap after
{Heap after GC invocations=210 (full 3):
 PSYoungGen      total 14848K, used 1197K [0x00000000d5580000, 0x00000000d6700000, 0x0000000100000000)
  eden space 12800K, 0% used [0x00000000d5580000,0x00000000d5580000,0x00000000d6200000)
  from space 2048K, 58% used [0x00000000d6380000,0x00000000d64ab510,0x00000000d6580000)
  to   space 1536K, 0% used [0x00000000d6580000,0x00000000d6580000,0x00000000d6700000)
 ParOldGen       total 68608K, used 58673K [0x0000000080000000, 0x0000000084300000, 0x00000000d5580000)
  object space 68608K, 85% used [0x0000000080000000,0x000000008394c6c0,0x0000000084300000)
 Metaspace       used 70616K, committed 72192K, reserved 1114112K
  class space    used 8654K, committed 9344K, reserved 1048576K
}
Event: 148.772 GC heap before
{Heap before GC invocations=211 (full 3):
 PSYoungGen      total 14848K, used 13997K [0x00000000d5580000, 0x00000000d6700000, 0x0000000100000000)
  eden space 12800K, 100% used [0x00000000d5580000,0x00000000d6200000,0x00000000d6200000)
  from space 2048K, 58% used [0x00000000d6380000,0x00000000d64ab510,0x00000000d6580000)
  to   space 1536K, 0% used [0x00000000d6580000,0x00000000d6580000,0x00000000d6700000)
 ParOldGen       total 68608K, used 58673K [0x0000000080000000, 0x0000000084300000, 0x00000000d5580000)
  object space 68608K, 85% used [0x0000000080000000,0x000000008394c6c0,0x0000000084300000)
 Metaspace       used 70668K, committed 72256K, reserved 1114112K
  class space    used 8661K, committed 9408K, reserved 1048576K
}
Event: 148.774 GC heap after
{Heap after GC invocations=211 (full 3):
 PSYoungGen      total 13312K, used 256K [0x00000000d5580000, 0x00000000d6600000, 0x0000000100000000)
  eden space 12800K, 0% used [0x00000000d5580000,0x00000000d5580000,0x00000000d6200000)
  from space 512K, 50% used [0x00000000d6580000,0x00000000d65c0000,0x00000000d6600000)
  to   space 1024K, 0% used [0x00000000d6400000,0x00000000d6400000,0x00000000d6500000)
 ParOldGen       total 68608K, used 59702K [0x0000000080000000, 0x0000000084300000, 0x00000000d5580000)
  object space 68608K, 87% used [0x0000000080000000,0x0000000083a4dbe0,0x0000000084300000)
 Metaspace       used 70668K, committed 72256K, reserved 1114112K
  class space    used 8661K, committed 9408K, reserved 1048576K
}
Event: 149.060 GC heap before
{Heap before GC invocations=212 (full 3):
 PSYoungGen      total 13312K, used 13056K [0x00000000d5580000, 0x00000000d6600000, 0x0000000100000000)
  eden space 12800K, 100% used [0x00000000d5580000,0x00000000d6200000,0x00000000d6200000)
  from space 512K, 50% used [0x00000000d6580000,0x00000000d65c0000,0x00000000d6600000)
  to   space 1024K, 0% used [0x00000000d6400000,0x00000000d6400000,0x00000000d6500000)
 ParOldGen       total 68608K, used 59702K [0x0000000080000000, 0x0000000084300000, 0x00000000d5580000)
  object space 68608K, 87% used [0x0000000080000000,0x0000000083a4dbe0,0x0000000084300000)
 Metaspace       used 71322K, committed 72896K, reserved 1114112K
  class space    used 8717K, committed 9408K, reserved 1048576K
}
Event: 149.062 GC heap after
{Heap after GC invocations=212 (full 3):
 PSYoungGen      total 13824K, used 640K [0x00000000d5580000, 0x00000000d6600000, 0x0000000100000000)
  eden space 12800K, 0% used [0x00000000d5580000,0x00000000d5580000,0x00000000d6200000)
  from space 1024K, 62% used [0x00000000d6400000,0x00000000d64a0000,0x00000000d6500000)
  to   space 1024K, 0% used [0x00000000d6500000,0x00000000d6500000,0x00000000d6600000)
 ParOldGen       total 68608K, used 59758K [0x0000000080000000, 0x0000000084300000, 0x00000000d5580000)
  object space 68608K, 87% used [0x0000000080000000,0x0000000083a5bbe0,0x0000000084300000)
 Metaspace       used 71322K, committed 72896K, reserved 1114112K
  class space    used 8717K, committed 9408K, reserved 1048576K
}
Event: 149.254 GC heap before
{Heap before GC invocations=213 (full 3):
 PSYoungGen      total 13824K, used 13440K [0x00000000d5580000, 0x00000000d6600000, 0x0000000100000000)
  eden space 12800K, 100% used [0x00000000d5580000,0x00000000d6200000,0x00000000d6200000)
  from space 1024K, 62% used [0x00000000d6400000,0x00000000d64a0000,0x00000000d6500000)
  to   space 1024K, 0% used [0x00000000d6500000,0x00000000d6500000,0x00000000d6600000)
 ParOldGen       total 68608K, used 59758K [0x0000000080000000, 0x0000000084300000, 0x00000000d5580000)
  object space 68608K, 87% used [0x0000000080000000,0x0000000083a5bbe0,0x0000000084300000)
 Metaspace       used 72128K, committed 73792K, reserved 1114112K
  class space    used 8785K, committed 9536K, reserved 1048576K
}
Event: 149.256 GC heap after
{Heap after GC invocations=213 (full 3):
 PSYoungGen      total 13824K, used 992K [0x00000000d5580000, 0x00000000d6700000, 0x0000000100000000)
  eden space 12800K, 0% used [0x00000000d5580000,0x00000000d5580000,0x00000000d6200000)
  from space 1024K, 96% used [0x00000000d6500000,0x00000000d65f8030,0x00000000d6600000)
  to   space 2560K, 0% used [0x00000000d6200000,0x00000000d6200000,0x00000000d6480000)
 ParOldGen       total 68608K, used 60640K [0x0000000080000000, 0x0000000084300000, 0x00000000d5580000)
  object space 68608K, 88% used [0x0000000080000000,0x0000000083b38228,0x0000000084300000)
 Metaspace       used 72128K, committed 73792K, reserved 1114112K
  class space    used 8785K, committed 9536K, reserved 1048576K
}
Event: 149.498 GC heap before
{Heap before GC invocations=214 (full 3):
 PSYoungGen      total 13824K, used 13792K [0x00000000d5580000, 0x00000000d6700000, 0x0000000100000000)
  eden space 12800K, 100% used [0x00000000d5580000,0x00000000d6200000,0x00000000d6200000)
  from space 1024K, 96% used [0x00000000d6500000,0x00000000d65f8030,0x00000000d6600000)
  to   space 2560K, 0% used [0x00000000d6200000,0x00000000d6200000,0x00000000d6480000)
 ParOldGen       total 68608K, used 60640K [0x0000000080000000, 0x0000000084300000, 0x00000000d5580000)
  object space 68608K, 88% used [0x0000000080000000,0x0000000083b38228,0x0000000084300000)
 Metaspace       used 72357K, committed 73984K, reserved 1114112K
  class space    used 8794K, committed 9536K, reserved 1048576K
}
Event: 149.502 GC heap after
{Heap after GC invocations=214 (full 3):
 PSYoungGen      total 15360K, used 2548K [0x00000000d5580000, 0x00000000d6b00000, 0x0000000100000000)
  eden space 12800K, 0% used [0x00000000d5580000,0x00000000d5580000,0x00000000d6200000)
  from space 2560K, 99% used [0x00000000d6200000,0x00000000d647d218,0x00000000d6480000)
  to   space 4608K, 0% used [0x00000000d6680000,0x00000000d6680000,0x00000000d6b00000)
 ParOldGen       total 68608K, used 62040K [0x0000000080000000, 0x0000000084300000, 0x00000000d5580000)
  object space 68608K, 90% used [0x0000000080000000,0x0000000083c96178,0x0000000084300000)
 Metaspace       used 72357K, committed 73984K, reserved 1114112K
  class space    used 8794K, committed 9536K, reserved 1048576K
}
Event: 149.752 GC heap before
{Heap before GC invocations=215 (full 3):
 PSYoungGen      total 15360K, used 15348K [0x00000000d5580000, 0x00000000d6b00000, 0x0000000100000000)
  eden space 12800K, 100% used [0x00000000d5580000,0x00000000d6200000,0x00000000d6200000)
  from space 2560K, 99% used [0x00000000d6200000,0x00000000d647d218,0x00000000d6480000)
  to   space 4608K, 0% used [0x00000000d6680000,0x00000000d6680000,0x00000000d6b00000)
 ParOldGen       total 68608K, used 62040K [0x0000000080000000, 0x0000000084300000, 0x00000000d5580000)
  object space 68608K, 90% used [0x0000000080000000,0x0000000083c96178,0x0000000084300000)
 Metaspace       used 72563K, committed 74176K, reserved 1179648K
  class space    used 8807K, committed 9536K, reserved 1048576K
}
Event: 149.756 GC heap after
{Heap after GC invocations=215 (full 3):
 PSYoungGen      total 15872K, used 2671K [0x00000000d5580000, 0x00000000d6980000, 0x0000000100000000)
  eden space 12800K, 0% used [0x00000000d5580000,0x00000000d5580000,0x00000000d6200000)
  from space 3072K, 86% used [0x00000000d6680000,0x00000000d691be70,0x00000000d6980000)
  to   space 3584K, 0% used [0x00000000d6280000,0x00000000d6280000,0x00000000d6600000)
 ParOldGen       total 68608K, used 64506K [0x0000000080000000, 0x0000000084300000, 0x00000000d5580000)
  object space 68608K, 94% used [0x0000000080000000,0x0000000083efeab0,0x0000000084300000)
 Metaspace       used 72563K, committed 74176K, reserved 1179648K
  class space    used 8807K, committed 9536K, reserved 1048576K
}
Event: 149.916 GC heap before
{Heap before GC invocations=216 (full 3):
 PSYoungGen      total 15872K, used 15471K [0x00000000d5580000, 0x00000000d6980000, 0x0000000100000000)
  eden space 12800K, 100% used [0x00000000d5580000,0x00000000d6200000,0x00000000d6200000)
  from space 3072K, 86% used [0x00000000d6680000,0x00000000d691be70,0x00000000d6980000)
  to   space 3584K, 0% used [0x00000000d6280000,0x00000000d6280000,0x00000000d6600000)
 ParOldGen       total 68608K, used 64506K [0x0000000080000000, 0x0000000084300000, 0x00000000d5580000)
  object space 68608K, 94% used [0x0000000080000000,0x0000000083efeab0,0x0000000084300000)
 Metaspace       used 72599K, committed 74240K, reserved 1179648K
  class space    used 8807K, committed 9536K, reserved 1048576K
}
Event: 149.921 GC heap after
{Heap after GC invocations=216 (full 3):
 PSYoungGen      total 15872K, used 2877K [0x00000000d5580000, 0x00000000d6800000, 0x0000000100000000)
  eden space 12800K, 0% used [0x00000000d5580000,0x00000000d5580000,0x00000000d6200000)
  from space 3072K, 93% used [0x00000000d6280000,0x00000000d654f7b0,0x00000000d6580000)
  to   space 2560K, 0% used [0x00000000d6580000,0x00000000d6580000,0x00000000d6800000)
 ParOldGen       total 68608K, used 66965K [0x0000000080000000, 0x0000000084300000, 0x00000000d5580000)
  object space 68608K, 97% used [0x0000000080000000,0x00000000841657b0,0x0000000084300000)
 Metaspace       used 72599K, committed 74240K, reserved 1179648K
  class space    used 8807K, committed 9536K, reserved 1048576K
}
Event: 150.088 GC heap before
{Heap before GC invocations=217 (full 3):
 PSYoungGen      total 15872K, used 15677K [0x00000000d5580000, 0x00000000d6800000, 0x0000000100000000)
  eden space 12800K, 100% used [0x00000000d5580000,0x00000000d6200000,0x00000000d6200000)
  from space 3072K, 93% used [0x00000000d6280000,0x00000000d654f7b0,0x00000000d6580000)
  to   space 2560K, 0% used [0x00000000d6580000,0x00000000d6580000,0x00000000d6800000)
 ParOldGen       total 68608K, used 66965K [0x0000000080000000, 0x0000000084300000, 0x00000000d5580000)
  object space 68608K, 97% used [0x0000000080000000,0x00000000841657b0,0x0000000084300000)
 Metaspace       used 72613K, committed 74240K, reserved 1179648K
  class space    used 8807K, committed 9536K, reserved 1048576K
}
Event: 150.093 GC heap after
{Heap after GC invocations=217 (full 3):
 PSYoungGen      total 12800K, used 2537K [0x00000000d5580000, 0x00000000d6e00000, 0x0000000100000000)
  eden space 10240K, 0% used [0x00000000d5580000,0x00000000d5580000,0x00000000d5f80000)
  from space 2560K, 99% used [0x00000000d6580000,0x00000000d67fa598,0x00000000d6800000)
  to   space 6144K, 0% used [0x00000000d5f80000,0x00000000d5f80000,0x00000000d6580000)
 ParOldGen       total 70144K, used 69725K [0x0000000080000000, 0x0000000084480000, 0x00000000d5580000)
  object space 70144K, 99% used [0x0000000080000000,0x0000000084417418,0x0000000084480000)
 Metaspace       used 72613K, committed 74240K, reserved 1179648K
  class space    used 8807K, committed 9536K, reserved 1048576K
}

Dll operation events (15 events):
Event: 0.185 Loaded shared library c:\Users\roseb\.trae\extensions\redhat.java-1.43.1-win32-x64\jre\21.0.7-win32-x86_64\bin\java.dll
Event: 0.333 Loaded shared library c:\Users\roseb\.trae\extensions\redhat.java-1.43.1-win32-x64\jre\21.0.7-win32-x86_64\bin\zip.dll
Event: 0.370 Loaded shared library C:\Users\roseb\.trae\extensions\redhat.java-1.43.1-win32-x64\jre\21.0.7-win32-x86_64\bin\instrument.dll
Event: 0.380 Loaded shared library C:\Users\roseb\.trae\extensions\redhat.java-1.43.1-win32-x64\jre\21.0.7-win32-x86_64\bin\net.dll
Event: 0.384 Loaded shared library C:\Users\roseb\.trae\extensions\redhat.java-1.43.1-win32-x64\jre\21.0.7-win32-x86_64\bin\nio.dll
Event: 0.391 Loaded shared library C:\Users\roseb\.trae\extensions\redhat.java-1.43.1-win32-x64\jre\21.0.7-win32-x86_64\bin\zip.dll
Event: 0.452 Loaded shared library C:\Users\roseb\.trae\extensions\redhat.java-1.43.1-win32-x64\jre\21.0.7-win32-x86_64\bin\jimage.dll
Event: 0.661 Loaded shared library c:\Users\roseb\.trae\extensions\redhat.java-1.43.1-win32-x64\jre\21.0.7-win32-x86_64\bin\verify.dll
Event: 12.052 Loaded shared library C:\Users\roseb\AppData\Roaming\Trae\User\globalStorage\redhat.java\1.43.1\config_win\org.eclipse.equinox.launcher\org.eclipse.equinox.launcher.win32.win32.x86_64_1.2.1300.v20250331-1702\eclipse_11911.dll
Event: 27.635 Loaded shared library C:\Users\roseb\.trae\extensions\redhat.java-1.43.1-win32-x64\jre\21.0.7-win32-x86_64\bin\management.dll
Event: 27.641 Loaded shared library C:\Users\roseb\.trae\extensions\redhat.java-1.43.1-win32-x64\jre\21.0.7-win32-x86_64\bin\management_ext.dll
Event: 30.215 Loaded shared library C:\Users\roseb\AppData\Local\Temp\jna--1247066163\jna11152336425801901952.dll
Event: 30.434 Loaded shared library C:\Users\roseb\.trae\extensions\redhat.java-1.43.1-win32-x64\jre\21.0.7-win32-x86_64\bin\sunmscapi.dll
Event: 31.024 Loaded shared library C:\Users\roseb\.trae\extensions\redhat.java-1.43.1-win32-x64\jre\21.0.7-win32-x86_64\bin\extnet.dll
Event: 53.097 Loaded shared library C:\Users\roseb\.gradle\native\1def1411415f61bf3af743bc5b6707747c0891f09f0c88961ee8f79bc544acac\windows-amd64\native-platform.dll

Deoptimization events (20 events):
Event: 149.895 Thread 0x000001f47ecff450 Uncommon trap: trap_request=0xffffffde fr.pc=0x000001f4714f1014 relative=0x0000000000001474
Event: 149.895 Thread 0x000001f47ecff450 Uncommon trap: reason=class_check action=maybe_recompile pc=0x000001f4714f1014 method=org.eclipse.core.internal.dtree.AbstractDataTreeNode.assembleWith([Lorg/eclipse/core/internal/dtree/AbstractDataTreeNode;[Lorg/eclipse/core/internal/dtree/AbstractDataTr
Event: 149.895 Thread 0x000001f47ecff450 DEOPT PACKING pc=0x000001f4714f1014 sp=0x000000a7a8ffd880
Event: 149.895 Thread 0x000001f47ecff450 DEOPT UNPACKING pc=0x000001f470973aa2 sp=0x000000a7a8ffd840 mode 2
Event: 149.896 Thread 0x000001f47ecff450 Uncommon trap: trap_request=0xffffffc6 fr.pc=0x000001f4714f5e74 relative=0x0000000000001ef4
Event: 149.896 Thread 0x000001f47ecff450 Uncommon trap: reason=bimorphic_or_optimized_type_check action=maybe_recompile pc=0x000001f4714f5e74 method=org.eclipse.core.internal.dtree.AbstractDataTreeNode.assembleWith(Lorg/eclipse/core/internal/dtree/AbstractDataTreeNode;Lorg/eclipse/core/runtime/I
Event: 149.896 Thread 0x000001f47ecff450 DEOPT PACKING pc=0x000001f4714f5e74 sp=0x000000a7a8ffdbd0
Event: 149.896 Thread 0x000001f47ecff450 DEOPT UNPACKING pc=0x000001f470973aa2 sp=0x000000a7a8ffdb08 mode 2
Event: 149.896 Thread 0x000001f47ecff450 Uncommon trap: trap_request=0xffffffc6 fr.pc=0x000001f4714f5e3c relative=0x0000000000001ebc
Event: 149.896 Thread 0x000001f47ecff450 Uncommon trap: reason=bimorphic_or_optimized_type_check action=maybe_recompile pc=0x000001f4714f5e3c method=org.eclipse.core.internal.dtree.AbstractDataTreeNode.assembleWith(Lorg/eclipse/core/internal/dtree/AbstractDataTreeNode;Lorg/eclipse/core/runtime/I
Event: 149.896 Thread 0x000001f47ecff450 DEOPT PACKING pc=0x000001f4714f5e3c sp=0x000000a7a8ffda70
Event: 149.896 Thread 0x000001f47ecff450 DEOPT UNPACKING pc=0x000001f470973aa2 sp=0x000000a7a8ffda68 mode 2
Event: 150.025 Thread 0x000001f47ecff450 Uncommon trap: trap_request=0xffffffc6 fr.pc=0x000001f4714f0934 relative=0x0000000000000d94
Event: 150.025 Thread 0x000001f47ecff450 Uncommon trap: reason=bimorphic_or_optimized_type_check action=maybe_recompile pc=0x000001f4714f0934 method=org.eclipse.core.internal.dtree.AbstractDataTreeNode.assembleWith([Lorg/eclipse/core/internal/dtree/AbstractDataTreeNode;[Lorg/eclipse/core/interna
Event: 150.025 Thread 0x000001f47ecff450 DEOPT PACKING pc=0x000001f4714f0934 sp=0x000000a7a8ffd760
Event: 150.025 Thread 0x000001f47ecff450 DEOPT UNPACKING pc=0x000001f470973aa2 sp=0x000000a7a8ffd720 mode 2
Event: 150.026 Thread 0x000001f47ecff450 Uncommon trap: trap_request=0xffffffc6 fr.pc=0x000001f4714f0934 relative=0x0000000000000d94
Event: 150.026 Thread 0x000001f47ecff450 Uncommon trap: reason=bimorphic_or_optimized_type_check action=maybe_recompile pc=0x000001f4714f0934 method=org.eclipse.core.internal.dtree.AbstractDataTreeNode.assembleWith([Lorg/eclipse/core/internal/dtree/AbstractDataTreeNode;[Lorg/eclipse/core/interna
Event: 150.026 Thread 0x000001f47ecff450 DEOPT PACKING pc=0x000001f4714f0934 sp=0x000000a7a8ffd760
Event: 150.026 Thread 0x000001f47ecff450 DEOPT UNPACKING pc=0x000001f470973aa2 sp=0x000000a7a8ffd720 mode 2

Classes loaded (20 events):
Event: 149.035 Loading class sun/nio/ch/FileChannelImpl$Unmapper done
Event: 149.035 Loading class sun/nio/ch/FileChannelImpl$DefaultUnmapper done
Event: 149.035 Loading class sun/nio/ch/Util$4
Event: 149.036 Loading class sun/nio/ch/Util$4 done
Event: 149.045 Loading class java/nio/file/ClosedDirectoryStreamException
Event: 149.045 Loading class java/nio/file/ClosedDirectoryStreamException done
Event: 149.045 Loading class jdk/internal/jrtfs/JrtFileSystem
Event: 149.046 Loading class jdk/internal/jrtfs/JrtFileSystem done
Event: 149.046 Loading class jdk/internal/jrtfs/JrtPath
Event: 149.046 Loading class jdk/internal/jrtfs/JrtPath done
Event: 149.047 Loading class jdk/internal/jimage/ImageReader$Node
Event: 149.047 Loading class jdk/internal/jimage/ImageReader$Node done
Event: 149.055 Loading class java/nio/ByteBufferAsIntBufferL
Event: 149.056 Loading class java/nio/ByteBufferAsIntBufferL done
Event: 149.063 Loading class jdk/internal/jimage/ImageReader$Directory
Event: 149.063 Loading class jdk/internal/jimage/ImageReader$Directory done
Event: 149.175 Loading class java/nio/channels/Channels$ReadableByteChannelImpl
Event: 149.175 Loading class java/nio/channels/Channels$ReadableByteChannelImpl done
Event: 149.176 Loading class java/nio/channels/NonWritableChannelException
Event: 149.176 Loading class java/nio/channels/NonWritableChannelException done

Classes unloaded (13 events):
Event: 28.739 Thread 0x000001f47cc84610 Unloading class 0x000001f4011a5000 'java/lang/invoke/LambdaForm$MH+0x000001f4011a5000'
Event: 28.739 Thread 0x000001f47cc84610 Unloading class 0x000001f4011a4c00 'java/lang/invoke/LambdaForm$MH+0x000001f4011a4c00'
Event: 28.739 Thread 0x000001f47cc84610 Unloading class 0x000001f4011a4800 'java/lang/invoke/LambdaForm$MH+0x000001f4011a4800'
Event: 28.739 Thread 0x000001f47cc84610 Unloading class 0x000001f4011a4400 'java/lang/invoke/LambdaForm$MH+0x000001f4011a4400'
Event: 28.739 Thread 0x000001f47cc84610 Unloading class 0x000001f4011a4000 'java/lang/invoke/LambdaForm$BMH+0x000001f4011a4000'
Event: 28.739 Thread 0x000001f47cc84610 Unloading class 0x000001f4011a3c00 'java/lang/invoke/LambdaForm$DMH+0x000001f4011a3c00'
Event: 28.739 Thread 0x000001f47cc84610 Unloading class 0x000001f4011a2800 'java/lang/invoke/LambdaForm$DMH+0x000001f4011a2800'
Event: 30.503 Thread 0x000001f47cc84610 Unloading class 0x000001f4012ea800 'java/lang/invoke/LambdaForm$MH+0x000001f4012ea800'
Event: 30.503 Thread 0x000001f47cc84610 Unloading class 0x000001f4012e9c00 'java/lang/invoke/LambdaForm$MH+0x000001f4012e9c00'
Event: 30.503 Thread 0x000001f47cc84610 Unloading class 0x000001f4012e9800 'java/lang/invoke/LambdaForm$MH+0x000001f4012e9800'
Event: 30.503 Thread 0x000001f47cc84610 Unloading class 0x000001f4012e8c00 'java/lang/invoke/LambdaForm$MH+0x000001f4012e8c00'
Event: 30.503 Thread 0x000001f47cc84610 Unloading class 0x000001f4012e8800 'java/lang/invoke/LambdaForm$DMH+0x000001f4012e8800'
Event: 30.503 Thread 0x000001f47cc84610 Unloading class 0x000001f4012e8000 'java/lang/invoke/LambdaForm$MH+0x000001f4012e8000'

Classes redefined (0 events):
No events

Internal exceptions (20 events):
Event: 149.498 Thread 0x000001f47ecff450 Exception <a 'sun/nio/fs/WindowsException'{0x00000000d61650d8}> (0x00000000d61650d8) 
thrown [s\src\hotspot\share\prims\jni.cpp, line 520]
Event: 149.529 Thread 0x000001f47ecff450 Exception <a 'sun/nio/fs/WindowsException'{0x00000000d5780eb8}> (0x00000000d5780eb8) 
thrown [s\src\hotspot\share\prims\jni.cpp, line 520]
Event: 149.529 Thread 0x000001f47ecff450 Exception <a 'sun/nio/fs/WindowsException'{0x00000000d57817d8}> (0x00000000d57817d8) 
thrown [s\src\hotspot\share\prims\jni.cpp, line 520]
Event: 149.530 Thread 0x000001f47ecff450 Exception <a 'sun/nio/fs/WindowsException'{0x00000000d5782d78}> (0x00000000d5782d78) 
thrown [s\src\hotspot\share\prims\jni.cpp, line 520]
Event: 149.530 Thread 0x000001f47ecff450 Exception <a 'sun/nio/fs/WindowsException'{0x00000000d5783698}> (0x00000000d5783698) 
thrown [s\src\hotspot\share\prims\jni.cpp, line 520]
Event: 149.683 Thread 0x000001f47ecff450 Exception <a 'sun/nio/fs/WindowsException'{0x00000000d5e3e668}> (0x00000000d5e3e668) 
thrown [s\src\hotspot\share\prims\jni.cpp, line 520]
Event: 149.683 Thread 0x000001f47ecff450 Exception <a 'sun/nio/fs/WindowsException'{0x00000000d5e3f238}> (0x00000000d5e3f238) 
thrown [s\src\hotspot\share\prims\jni.cpp, line 520]
Event: 149.686 Thread 0x000001f47ecff450 Exception <a 'sun/nio/fs/WindowsException'{0x00000000d5e42010}> (0x00000000d5e42010) 
thrown [s\src\hotspot\share\prims\jni.cpp, line 520]
Event: 149.686 Thread 0x000001f47ecff450 Exception <a 'sun/nio/fs/WindowsException'{0x00000000d5e42be0}> (0x00000000d5e42be0) 
thrown [s\src\hotspot\share\prims\jni.cpp, line 520]
Event: 149.691 Thread 0x000001f47ecff450 Exception <a 'sun/nio/fs/WindowsException'{0x00000000d5ee08b8}> (0x00000000d5ee08b8) 
thrown [s\src\hotspot\share\prims\jni.cpp, line 520]
Event: 149.691 Thread 0x000001f47ecff450 Exception <a 'sun/nio/fs/WindowsException'{0x00000000d5ee1488}> (0x00000000d5ee1488) 
thrown [s\src\hotspot\share\prims\jni.cpp, line 520]
Event: 149.693 Thread 0x000001f47ecff450 Exception <a 'sun/nio/fs/WindowsException'{0x00000000d5ee3ad8}> (0x00000000d5ee3ad8) 
thrown [s\src\hotspot\share\prims\jni.cpp, line 520]
Event: 149.693 Thread 0x000001f47ecff450 Exception <a 'sun/nio/fs/WindowsException'{0x00000000d5ee46a8}> (0x00000000d5ee46a8) 
thrown [s\src\hotspot\share\prims\jni.cpp, line 520]
Event: 149.697 Thread 0x000001f47ecff450 Exception <a 'sun/nio/fs/WindowsException'{0x00000000d5f1fa70}> (0x00000000d5f1fa70) 
thrown [s\src\hotspot\share\prims\jni.cpp, line 520]
Event: 149.697 Thread 0x000001f47ecff450 Exception <a 'sun/nio/fs/WindowsException'{0x00000000d5f20640}> (0x00000000d5f20640) 
thrown [s\src\hotspot\share\prims\jni.cpp, line 520]
Event: 149.699 Thread 0x000001f47ecff450 Exception <a 'sun/nio/fs/WindowsException'{0x00000000d5f22c90}> (0x00000000d5f22c90) 
thrown [s\src\hotspot\share\prims\jni.cpp, line 520]
Event: 149.699 Thread 0x000001f47ecff450 Exception <a 'sun/nio/fs/WindowsException'{0x00000000d5f23860}> (0x00000000d5f23860) 
thrown [s\src\hotspot\share\prims\jni.cpp, line 520]
Event: 149.768 Thread 0x000001f47ecff450 Exception <a 'sun/nio/fs/WindowsException'{0x00000000d564adb0}> (0x00000000d564adb0) 
thrown [s\src\hotspot\share\prims\jni.cpp, line 520]
Event: 149.768 Thread 0x000001f47ecff450 Exception <a 'sun/nio/fs/WindowsException'{0x00000000d564b980}> (0x00000000d564b980) 
thrown [s\src\hotspot\share\prims\jni.cpp, line 520]
Event: 149.772 Thread 0x000001f47ecffae0 Implicit null exception at 0x000001f4715354da to 0x000001f4715355d8

ZGC Phase Switch (0 events):
No events

VM Operations (20 events):
Event: 149.058 Executing VM operation: HandshakeAllThreads (Deoptimize)
Event: 149.058 Executing VM operation: HandshakeAllThreads (Deoptimize) done
Event: 149.059 Executing VM operation: HandshakeAllThreads (Deoptimize)
Event: 149.059 Executing VM operation: HandshakeAllThreads (Deoptimize) done
Event: 149.060 Executing VM operation: ParallelGCFailedAllocation (Allocation Failure)
Event: 149.062 Executing VM operation: ParallelGCFailedAllocation (Allocation Failure) done
Event: 149.105 Executing VM operation: HandshakeAllThreads (Deoptimize)
Event: 149.106 Executing VM operation: HandshakeAllThreads (Deoptimize) done
Event: 149.253 Executing VM operation: ParallelGCFailedAllocation (Allocation Failure)
Event: 149.256 Executing VM operation: ParallelGCFailedAllocation (Allocation Failure) done
Event: 149.498 Executing VM operation: ParallelGCFailedAllocation (Allocation Failure)
Event: 149.502 Executing VM operation: ParallelGCFailedAllocation (Allocation Failure) done
Event: 149.569 Executing VM operation: HandshakeAllThreads (Deoptimize)
Event: 149.569 Executing VM operation: HandshakeAllThreads (Deoptimize) done
Event: 149.752 Executing VM operation: ParallelGCFailedAllocation (Allocation Failure)
Event: 149.756 Executing VM operation: ParallelGCFailedAllocation (Allocation Failure) done
Event: 149.916 Executing VM operation: ParallelGCFailedAllocation (Allocation Failure)
Event: 149.921 Executing VM operation: ParallelGCFailedAllocation (Allocation Failure) done
Event: 150.088 Executing VM operation: ParallelGCFailedAllocation (Allocation Failure)
Event: 150.093 Executing VM operation: ParallelGCFailedAllocation (Allocation Failure) done

Memory protections (0 events):
No events

Nmethod flushes (20 events):
Event: 67.626 Thread 0x000001f47cc84610 flushing  nmethod 0x000001f469d49010
Event: 67.626 Thread 0x000001f47cc84610 flushing  nmethod 0x000001f469d4a890
Event: 67.626 Thread 0x000001f47cc84610 flushing  nmethod 0x000001f469d4ae90
Event: 67.626 Thread 0x000001f47cc84610 flushing  nmethod 0x000001f469d4b710
Event: 67.626 Thread 0x000001f47cc84610 flushing  nmethod 0x000001f469d4ef90
Event: 67.626 Thread 0x000001f47cc84610 flushing  nmethod 0x000001f469d52a90
Event: 67.626 Thread 0x000001f47cc84610 flushing  nmethod 0x000001f469d54b90
Event: 67.626 Thread 0x000001f47cc84610 flushing  nmethod 0x000001f469d64b90
Event: 67.626 Thread 0x000001f47cc84610 flushing  nmethod 0x000001f469d68810
Event: 67.626 Thread 0x000001f47cc84610 flushing  nmethod 0x000001f469d8ab10
Event: 67.626 Thread 0x000001f47cc84610 flushing  nmethod 0x000001f469d8af90
Event: 67.626 Thread 0x000001f47cc84610 flushing  nmethod 0x000001f469d8b510
Event: 67.626 Thread 0x000001f47cc84610 flushing  nmethod 0x000001f469d91a10
Event: 67.626 Thread 0x000001f47cc84610 flushing  nmethod 0x000001f469d92f90
Event: 67.626 Thread 0x000001f47cc84610 flushing  nmethod 0x000001f469dc9090
Event: 67.626 Thread 0x000001f47cc84610 flushing  nmethod 0x000001f469dcbb90
Event: 67.626 Thread 0x000001f47cc84610 flushing  nmethod 0x000001f469dcfc10
Event: 67.626 Thread 0x000001f47cc84610 flushing  nmethod 0x000001f469dd0210
Event: 67.626 Thread 0x000001f47cc84610 flushing  nmethod 0x000001f469ddeb10
Event: 67.626 Thread 0x000001f47cc84610 flushing  nmethod 0x000001f469de1e90

Events (20 events):
Event: 139.491 Thread 0x000001f47eba1f00 Thread added: 0x000001f445513520
Event: 140.611 Thread 0x000001f445513520 Thread exited: 0x000001f445513520
Event: 146.362 Thread 0x000001f47ec11130 Thread added: 0x000001f445513520
Event: 146.786 Thread 0x000001f446f35c30 Thread added: 0x000001f446f390b0
Event: 146.795 Thread 0x000001f446f390b0 Thread exited: 0x000001f446f390b0
Event: 146.813 Thread 0x000001f446f38390 Thread exited: 0x000001f446f38390
Event: 146.853 Thread 0x000001f446f35c30 Thread exited: 0x000001f446f35c30
Event: 146.961 Thread 0x000001f445513520 Thread exited: 0x000001f445513520
Event: 147.303 Thread 0x000001f47ecff450 Thread added: 0x000001f446f39dd0
Event: 147.346 Thread 0x000001f47ecff450 Thread added: 0x000001f446f3b810
Event: 147.481 Thread 0x000001f47ec11130 Thread added: 0x000001f445513520
Event: 147.483 Thread 0x000001f446f3b810 Thread exited: 0x000001f446f3b810
Event: 147.493 Thread 0x000001f47ecff450 Thread added: 0x000001f446f38390
Event: 147.495 Thread 0x000001f47ecff450 Thread added: 0x000001f446f3a460
Event: 147.520 Thread 0x000001f446f3a460 Thread exited: 0x000001f446f3a460
Event: 147.703 Thread 0x000001f445513520 Thread exited: 0x000001f445513520
Event: 148.060 Thread 0x000001f47ec11130 Thread added: 0x000001f44a70d930
Event: 148.234 Thread 0x000001f44a70d930 Thread added: 0x000001f44a70e6d0
Event: 148.415 Thread 0x000001f47ecfc660 Thread added: 0x000001f446f362c0
Event: 148.417 Thread 0x000001f446f362c0 Thread added: 0x000001f446f390b0


Dynamic libraries:
0x00007ff7ba900000 - 0x00007ff7ba90e000 	c:\Users\roseb\.trae\extensions\redhat.java-1.43.1-win32-x64\jre\21.0.7-win32-x86_64\bin\java.exe
0x00007ffd11230000 - 0x00007ffd11447000 	C:\WINDOWS\SYSTEM32\ntdll.dll
0x00007ffd0f5f0000 - 0x00007ffd0f6b4000 	C:\WINDOWS\System32\KERNEL32.DLL
0x00007ffd0e580000 - 0x00007ffd0e953000 	C:\WINDOWS\System32\KERNELBASE.dll
0x00007ffd0e960000 - 0x00007ffd0ea71000 	C:\WINDOWS\System32\ucrtbase.dll
0x00007ffd08d60000 - 0x00007ffd08d78000 	c:\Users\roseb\.trae\extensions\redhat.java-1.43.1-win32-x64\jre\21.0.7-win32-x86_64\bin\jli.dll
0x00007ffcf88d0000 - 0x00007ffcf88ee000 	c:\Users\roseb\.trae\extensions\redhat.java-1.43.1-win32-x64\jre\21.0.7-win32-x86_64\bin\VCRUNTIME140.dll
0x00007ffd11030000 - 0x00007ffd111e1000 	C:\WINDOWS\System32\USER32.dll
0x00007ffd05630000 - 0x00007ffd058cb000 	C:\WINDOWS\WinSxS\amd64_microsoft.windows.common-controls_6595b64144ccf1df_6.0.22621.5262_none_2712bde373830908\COMCTL32.dll
0x00007ffd0ec30000 - 0x00007ffd0ec56000 	C:\WINDOWS\System32\win32u.dll
0x00007ffd10160000 - 0x00007ffd10207000 	C:\WINDOWS\System32\msvcrt.dll
0x00007ffd10b20000 - 0x00007ffd10b49000 	C:\WINDOWS\System32\GDI32.dll
0x00007ffd0eb00000 - 0x00007ffd0ec22000 	C:\WINDOWS\System32\gdi32full.dll
0x00007ffd0ee20000 - 0x00007ffd0eeba000 	C:\WINDOWS\System32\msvcp_win.dll
0x00007ffd10c70000 - 0x00007ffd10ca1000 	C:\WINDOWS\System32\IMM32.DLL
0x00007ffd08e20000 - 0x00007ffd08e2c000 	c:\Users\roseb\.trae\extensions\redhat.java-1.43.1-win32-x64\jre\21.0.7-win32-x86_64\bin\vcruntime140_1.dll
0x00007ffcd7350000 - 0x00007ffcd73dd000 	c:\Users\roseb\.trae\extensions\redhat.java-1.43.1-win32-x64\jre\21.0.7-win32-x86_64\bin\msvcp140.dll
0x00007ffcaf500000 - 0x00007ffcb0290000 	c:\Users\roseb\.trae\extensions\redhat.java-1.43.1-win32-x64\jre\21.0.7-win32-x86_64\bin\server\jvm.dll
0x00007ffd0efc0000 - 0x00007ffd0f071000 	C:\WINDOWS\System32\ADVAPI32.dll
0x00007ffd0fa80000 - 0x00007ffd0fb27000 	C:\WINDOWS\System32\sechost.dll
0x00007ffd0e320000 - 0x00007ffd0e348000 	C:\WINDOWS\System32\bcrypt.dll
0x00007ffd10f10000 - 0x00007ffd11024000 	C:\WINDOWS\System32\RPCRT4.dll
0x00007ffd0f090000 - 0x00007ffd0f101000 	C:\WINDOWS\System32\WS2_32.dll
0x00007ffd0d1b0000 - 0x00007ffd0d1fd000 	C:\WINDOWS\SYSTEM32\POWRPROF.dll
0x00007ffd08a00000 - 0x00007ffd08a34000 	C:\WINDOWS\SYSTEM32\WINMM.dll
0x00007ffd032a0000 - 0x00007ffd032aa000 	C:\WINDOWS\SYSTEM32\VERSION.dll
0x00007ffd0d170000 - 0x00007ffd0d183000 	C:\WINDOWS\SYSTEM32\UMPDC.dll
0x00007ffd0d450000 - 0x00007ffd0d468000 	C:\WINDOWS\SYSTEM32\kernel.appcore.dll
0x00007ffd01c50000 - 0x00007ffd01c5a000 	c:\Users\roseb\.trae\extensions\redhat.java-1.43.1-win32-x64\jre\21.0.7-win32-x86_64\bin\jimage.dll
0x00007ffd0b9e0000 - 0x00007ffd0bc12000 	C:\WINDOWS\SYSTEM32\DBGHELP.DLL
0x00007ffd0f6c0000 - 0x00007ffd0fa53000 	C:\WINDOWS\System32\combase.dll
0x00007ffd10e30000 - 0x00007ffd10f07000 	C:\WINDOWS\System32\OLEAUT32.dll
0x00007ffd03da0000 - 0x00007ffd03dd2000 	C:\WINDOWS\SYSTEM32\dbgcore.DLL
0x00007ffd0eda0000 - 0x00007ffd0ee1b000 	C:\WINDOWS\System32\bcryptPrimitives.dll
0x00007ffcf6e70000 - 0x00007ffcf6e7f000 	c:\Users\roseb\.trae\extensions\redhat.java-1.43.1-win32-x64\jre\21.0.7-win32-x86_64\bin\instrument.dll
0x00007ffcf2200000 - 0x00007ffcf221f000 	c:\Users\roseb\.trae\extensions\redhat.java-1.43.1-win32-x64\jre\21.0.7-win32-x86_64\bin\java.dll
0x00007ffd10280000 - 0x00007ffd10b1d000 	C:\WINDOWS\System32\SHELL32.dll
0x00007ffd0ec60000 - 0x00007ffd0ed9f000 	C:\WINDOWS\System32\wintypes.dll
0x00007ffd0c220000 - 0x00007ffd0cb3d000 	C:\WINDOWS\SYSTEM32\windows.storage.dll
0x00007ffd0fbc0000 - 0x00007ffd0fccb000 	C:\WINDOWS\System32\SHCORE.dll
0x00007ffd10210000 - 0x00007ffd10276000 	C:\WINDOWS\System32\shlwapi.dll
0x00007ffd0e250000 - 0x00007ffd0e27b000 	C:\WINDOWS\SYSTEM32\profapi.dll
0x00007ffcebd80000 - 0x00007ffcebd98000 	c:\Users\roseb\.trae\extensions\redhat.java-1.43.1-win32-x64\jre\21.0.7-win32-x86_64\bin\zip.dll
0x00007ffcf2370000 - 0x00007ffcf2380000 	C:\Users\roseb\.trae\extensions\redhat.java-1.43.1-win32-x64\jre\21.0.7-win32-x86_64\bin\net.dll
0x00007ffd09c70000 - 0x00007ffd09d9c000 	C:\WINDOWS\SYSTEM32\WINHTTP.dll
0x00007ffd0d8d0000 - 0x00007ffd0d93a000 	C:\WINDOWS\system32\mswsock.dll
0x00007ffcf2170000 - 0x00007ffcf2186000 	C:\Users\roseb\.trae\extensions\redhat.java-1.43.1-win32-x64\jre\21.0.7-win32-x86_64\bin\nio.dll
0x00007ffcf1e00000 - 0x00007ffcf1e10000 	c:\Users\roseb\.trae\extensions\redhat.java-1.43.1-win32-x64\jre\21.0.7-win32-x86_64\bin\verify.dll
0x00007ffcd70c0000 - 0x00007ffcd7105000 	C:\Users\roseb\AppData\Roaming\Trae\User\globalStorage\redhat.java\1.43.1\config_win\org.eclipse.equinox.launcher\org.eclipse.equinox.launcher.win32.win32.x86_64_1.2.1300.v20250331-1702\eclipse_11911.dll
0x00007ffd0f110000 - 0x00007ffd0f2b1000 	C:\WINDOWS\System32\ole32.dll
0x00007ffcecf80000 - 0x00007ffcecf8a000 	C:\Users\roseb\.trae\extensions\redhat.java-1.43.1-win32-x64\jre\21.0.7-win32-x86_64\bin\management.dll
0x00007ffce9fa0000 - 0x00007ffce9fab000 	C:\Users\roseb\.trae\extensions\redhat.java-1.43.1-win32-x64\jre\21.0.7-win32-x86_64\bin\management_ext.dll
0x00007ffd10b50000 - 0x00007ffd10b58000 	C:\WINDOWS\System32\PSAPI.DLL
0x00007ffd0db30000 - 0x00007ffd0db4b000 	C:\WINDOWS\SYSTEM32\CRYPTSP.dll
0x00007ffd0d3b0000 - 0x00007ffd0d3e7000 	C:\WINDOWS\system32\rsaenh.dll
0x00007ffd0d9c0000 - 0x00007ffd0d9e8000 	C:\WINDOWS\SYSTEM32\USERENV.dll
0x00007ffd0db20000 - 0x00007ffd0db2c000 	C:\WINDOWS\SYSTEM32\CRYPTBASE.dll
0x00007ffd0ce20000 - 0x00007ffd0ce4d000 	C:\WINDOWS\SYSTEM32\IPHLPAPI.DLL
0x00007ffd10150000 - 0x00007ffd10159000 	C:\WINDOWS\System32\NSI.dll
0x00007ffcd7070000 - 0x00007ffcd70b9000 	C:\Users\roseb\AppData\Local\Temp\jna--1247066163\jna11152336425801901952.dll
0x00007ffd09ba0000 - 0x00007ffd09bb9000 	C:\WINDOWS\SYSTEM32\dhcpcsvc6.DLL
0x00007ffd09a40000 - 0x00007ffd09a5f000 	C:\WINDOWS\SYSTEM32\dhcpcsvc.DLL
0x00007ffce9e20000 - 0x00007ffce9e2e000 	C:\Users\roseb\.trae\extensions\redhat.java-1.43.1-win32-x64\jre\21.0.7-win32-x86_64\bin\sunmscapi.dll
0x00007ffd0e350000 - 0x00007ffd0e4b7000 	C:\WINDOWS\System32\CRYPT32.dll
0x00007ffd0dcc0000 - 0x00007ffd0dced000 	C:\WINDOWS\SYSTEM32\ncrypt.dll
0x00007ffd0dc80000 - 0x00007ffd0dcb7000 	C:\WINDOWS\SYSTEM32\NTASN1.dll
0x00007ffd0ce50000 - 0x00007ffd0cf48000 	C:\WINDOWS\SYSTEM32\DNSAPI.dll
0x00007ffd089c0000 - 0x00007ffd089ca000 	C:\Windows\System32\rasadhlp.dll
0x00007ffd08cd0000 - 0x00007ffd08d53000 	C:\WINDOWS\System32\fwpuclnt.dll
0x00007ffce78b0000 - 0x00007ffce78b9000 	C:\Users\roseb\.trae\extensions\redhat.java-1.43.1-win32-x64\jre\21.0.7-win32-x86_64\bin\extnet.dll
0x00007ffcf23c0000 - 0x00007ffcf23e7000 	C:\Users\roseb\.gradle\native\1def1411415f61bf3af743bc5b6707747c0891f09f0c88961ee8f79bc544acac\windows-amd64\native-platform.dll
0x00007ffd02bb0000 - 0x00007ffd02bb8000 	C:\WINDOWS\system32\wshunix.dll

dbghelp: loaded successfully - version: 4.0.5 - missing functions: none
symbol engine: initialized successfully - sym options: 0x614 - pdb path: .;c:\Users\roseb\.trae\extensions\redhat.java-1.43.1-win32-x64\jre\21.0.7-win32-x86_64\bin;C:\WINDOWS\SYSTEM32;C:\WINDOWS\WinSxS\amd64_microsoft.windows.common-controls_6595b64144ccf1df_6.0.22621.5262_none_2712bde373830908;c:\Users\roseb\.trae\extensions\redhat.java-1.43.1-win32-x64\jre\21.0.7-win32-x86_64\bin\server;C:\Users\roseb\AppData\Roaming\Trae\User\globalStorage\redhat.java\1.43.1\config_win\org.eclipse.equinox.launcher\org.eclipse.equinox.launcher.win32.win32.x86_64_1.2.1300.v20250331-1702;C:\Users\roseb\AppData\Local\Temp\jna--1247066163;C:\Users\roseb\.gradle\native\1def1411415f61bf3af743bc5b6707747c0891f09f0c88961ee8f79bc544acac\windows-amd64

VM Arguments:
jvm_args: --add-modules=ALL-SYSTEM --add-opens=java.base/java.util=ALL-UNNAMED --add-opens=java.base/java.lang=ALL-UNNAMED --add-opens=java.base/sun.nio.fs=ALL-UNNAMED -Declipse.application=org.eclipse.jdt.ls.core.id1 -Dosgi.bundles.defaultStartLevel=4 -Declipse.product=org.eclipse.jdt.ls.core.product -Djava.import.generatesMetadataFilesAtProjectRoot=false -DDetectVMInstallationsJob.disabled=true -Dfile.encoding=utf8 -XX:+UseParallelGC -XX:GCTimeRatio=4 -XX:AdaptiveSizePolicyWeight=90 -Dsun.zip.disableMemoryMapping=true -Xmx2G -Xms100m -Xlog:disable -javaagent:c:\Users\roseb\.trae\extensions\redhat.java-1.43.1-win32-x64\lombok\lombok-1.18.39-4050.jar -XX:+HeapDumpOnOutOfMemoryError -XX:HeapDumpPath=c:\Users\roseb\AppData\Roaming\Trae\User\workspaceStorage\9ae8b0474cb054d64cf9ebdca870abe8\redhat.java -Daether.dependencyCollector.impl=bf 
java_command: c:\Users\roseb\.trae\extensions\redhat.java-1.43.1-win32-x64\server\plugins\org.eclipse.equinox.launcher_1.7.0.v20250519-0528.jar -configuration c:\Users\roseb\AppData\Roaming\Trae\User\globalStorage\redhat.java\1.43.1\config_win -data c:\Users\roseb\AppData\Roaming\Trae\User\workspaceStorage\9ae8b0474cb054d64cf9ebdca870abe8\redhat.java\jdt_ws --pipe=\\.\pipe\lsp-d4811960702909c3b317e3e0b4b0fc4f-sock
java_class_path (initial): c:\Users\roseb\.trae\extensions\redhat.java-1.43.1-win32-x64\server\plugins\org.eclipse.equinox.launcher_1.7.0.v20250519-0528.jar
Launcher Type: SUN_STANDARD

[Global flags]
    uintx AdaptiveSizePolicyWeight                 = 90                                        {product} {command line}
     intx CICompilerCount                          = 4                                         {product} {ergonomic}
    uintx GCTimeRatio                              = 4                                         {product} {command line}
     bool HeapDumpOnOutOfMemoryError               = true                                   {manageable} {command line}
    ccstr HeapDumpPath                             = c:\Users\roseb\AppData\Roaming\Trae\User\workspaceStorage\9ae8b0474cb054d64cf9ebdca870abe8\redhat.java         {manageable} {command line}
   size_t InitialHeapSize                          = 104857600                                 {product} {command line}
   size_t MaxHeapSize                              = 2147483648                                {product} {command line}
   size_t MaxNewSize                               = 715653120                                 {product} {ergonomic}
   size_t MinHeapDeltaBytes                        = 524288                                    {product} {ergonomic}
   size_t MinHeapSize                              = 104857600                                 {product} {command line}
   size_t NewSize                                  = 34603008                                  {product} {ergonomic}
    uintx NonNMethodCodeHeapSize                   = 5839372                                {pd product} {ergonomic}
    uintx NonProfiledCodeHeapSize                  = 122909434                              {pd product} {ergonomic}
   size_t OldSize                                  = 70254592                                  {product} {ergonomic}
    uintx ProfiledCodeHeapSize                     = 122909434                              {pd product} {ergonomic}
    uintx ReservedCodeCacheSize                    = 251658240                              {pd product} {ergonomic}
     bool SegmentedCodeCache                       = true                                      {product} {ergonomic}
   size_t SoftMaxHeapSize                          = 2147483648                             {manageable} {ergonomic}
     bool UseCompressedOops                        = true                           {product lp64_product} {ergonomic}
     bool UseLargePagesIndividualAllocation        = false                                  {pd product} {ergonomic}
     bool UseParallelGC                            = true                                      {product} {command line}

Logging:
Log output configuration:
 #0: stdout all=off uptime,level,tags foldmultilines=false
 #1: stderr all=off uptime,level,tags foldmultilines=false

Environment Variables:
JAVA_HOME=C:\Program Files\Java\jdk-17.0.15.6-hotspot\jdk-17.0.15.6-hotspot
PATH=C:\Program Files\nodejs;C:\Program Files\Eclipse Adoptium\jdk-17.0.15.6-hotspot\bin;C:\Users\roseb\AppData\Local\Microsoft\WindowsApps;;C:\Users\roseb\AppData\Local\Programs\Microsoft VS Code\bin;C:\Users\roseb\.dotnet\tools;C:\Program Files\Azure Data Studio\bin;C:\Users\roseb\AppData\Roaming\npm;C:\Users\roseb\AppData\Local\Programs\cursor\resources\app\bin;c:\Users\roseb\AppData\Local\Programs\Trae\resources\app\bin\lib
USERNAME=Rosario
OS=Windows_NT
PROCESSOR_IDENTIFIER=AMD64 Family 23 Model 104 Stepping 1, AuthenticAMD
TMP=C:\Users\roseb\AppData\Local\Temp
TEMP=C:\Users\roseb\AppData\Local\Temp




Periodic native trim disabled

---------------  S Y S T E M  ---------------

OS:
 Windows 11 , 64 bit Build 22621 (10.0.22621.5262)
OS uptime: 0 days 10:44 hours
Hyper-V role detected

CPU: total 12 (initial active 12) (12 cores per cpu, 2 threads per core) family 23 model 104 stepping 1 microcode 0x0, cx8, cmov, fxsr, ht, mmx, 3dnowpref, sse, sse2, sse3, ssse3, sse4a, sse4.1, sse4.2, popcnt, lzcnt, tsc, tscinvbit, avx, avx2, aes, clmul, bmi1, bmi2, adx, sha, fma, vzeroupper, clflush, clflushopt, hv, rdtscp, rdpid, f16c
Processor Information for the first 12 processors :
  Max Mhz: 2100, Current Mhz: 2100, Mhz Limit: 2100

Memory: 4k page, system-wide physical 7580M (380M free)
TotalPageFile size 24504M (AvailPageFile size 0M)
current process WorkingSet (physical memory assigned to process): 251M, peak: 280M
current process commit charge ("private bytes"): 436M, peak: 1731M

vm_info: OpenJDK 64-Bit Server VM (21.0.7+6-LTS) for windows-amd64 JRE (21.0.7+6-LTS), built on 2025-04-15T00:00:00Z by "admin" with MS VC++ 17.7 (VS2022)

END.
